2020-05-14 02:33:23,085 - teradata.udaexec - INFO - Initializing UdaExec...
2020-05-14 02:33:23,085 - teradata.udaexec - INFO - Reading config files: ['/etc/udaexec.ini: Not Found', '/home/kamil/udaexec.ini: Not Found', '/home/kamil/Pulpit/Teradata/Repo/Teradata-statistics/udaexec.ini: Not Found']
2020-05-14 02:33:23,085 - teradata.udaexec - INFO - Found run number file: "/home/kamil/Pulpit/Teradata/Repo/Teradata-statistics/.runNumber"
2020-05-14 02:33:23,085 - teradata.udaexec - INFO - Cleaning up log files older than 90 days.
2020-05-14 02:33:23,085 - teradata.udaexec - INFO - Removed 0 log files.
2020-05-14 02:33:23,104 - teradata.udaexec - INFO - Checkpoint file not found: /home/kamil/Pulpit/Teradata/Repo/Teradata-statistics/SQL shell.checkpoint
2020-05-14 02:33:23,105 - teradata.udaexec - INFO - No previous checkpoint found, executing from beginning...
2020-05-14 02:33:23,105 - teradata.udaexec - INFO - Execution Details:
/********************************************************************************
 * Application Name: SQL shell
 *          Version: 1.0
 *       Run Number: 20200514023323-35
 *             Host: kamil-MS-7A34
 *         Platform: Linux-4.15.0-91-generic-x86_64-with-Ubuntu-18.04-bionic
 *          OS User: kamil
 *   Python Version: 3.6.9
 *  Python Compiler: GCC 8.4.0
 *     Python Build: ('default', 'Apr 18 2020 01:56:04')
 *  UdaExec Version: 15.10.0.21
 *     Program Name: script.py
 *      Working Dir: /home/kamil/Pulpit/Teradata/Repo/Teradata-statistics
 *      Git Version: git version 2.17.1
 *     Git Revision: 181db07
 *        Git Dirty: True [ M libs/analysis/daily_usage.py, M libs/init_db.sql, M libs/samples.sql, M libs/utils.py, M script.py, M settings.json,?? .runNumber,?? logs/,?? sqls/]
 *          Log Dir: /home/kamil/Pulpit/Teradata/Repo/Teradata-statistics/logs
 *         Log File: /home/kamil/Pulpit/Teradata/Repo/Teradata-statistics/logs/SQL shell.20200514023323-35.log
 *     Config Files: ['/etc/udaexec.ini: Not Found', '/home/kamil/udaexec.ini: Not Found', '/home/kamil/Pulpit/Teradata/Repo/Teradata-statistics/udaexec.ini: Not Found']
 *      Query Bands: ApplicationName=SQL shell;Version=1.0;JobID=20200514023323-35;ClientUser=kamil;Production=False;udaAppLogFile=/home/kamil/Pulpit/Teradata/Repo/Teradata-statistics/logs/SQL shell.20200514023323-35.log;gitRevision=181db07;gitDirty=True;UtilityName=PyTd;UtilityVersion=15.10.0.21
********************************************************************************/
2020-05-14 02:33:23,106 - teradata.udaexec - INFO - Creating connection: {'method': 'odbc', 'system': '192.168.0.110', 'username': 'dbc', 'password': 'XXXXXX'}
2020-05-14 02:33:23,107 - teradata.tdodbc - INFO - Loading ODBC Library: /opt/teradata/client/ODBC_64/lib/libodbc.so
2020-05-14 02:33:23,111 - teradata.tdodbc - INFO - Available drivers: Teradata Database ODBC Driver 16.20, 
2020-05-14 02:33:23,259 - teradata.udaexec - INFO - Connection successful. Duration: 0.153 seconds. Details: {'method': 'odbc', 'system': '192.168.0.110', 'username': 'dbc', 'password': 'XXXXXX'}
2020-05-14 02:33:23,271 - teradata.udaexec - INFO - Query Successful. Duration: 0.011 seconds, Rows: 8, Query: SELECT TableName FROM DBC.TablesV WHERE TableKind = 'T' AND DataBaseName='movies'
2020-05-14 02:33:23,430 - teradata.udaexec - INFO - Query Successful. Duration: 0.153 seconds, Rows: 31, Query: SELECT DISTINCT CAST((calendar_date (FORMAT 'YYYY-mm-dd')) AS VARCHAR(10)) FROM Sys_Calendar.Calendar AS CALENDAR
LEFT OUTER JOIN 
(SELECT * FROM TDSP_ANALYSIS.daily_usage) AS MEASURES 
ON calendar_date = measure_date
WHERE calendar_date<=cast('2020-05-14' as DATE) 
AND calendar_date>=cast('2020-04-14' as DATE)
AND
(complete=0 OR complete IS NULL);
2020-05-14 02:33:23,548 - teradata.udaexec - INFO - Query Successful. Duration: 0.112 seconds, Rows: 24, Query: MERGE INTO TDSP_ANALYSIS.daily_usage as daily_usage USING
(

	SELECT CAST('2020-04-17' AS DATE) AS t_measure_date, 
	 SYSHOURS.HOUR_ID as t_measure_hour, 
	 'movies' as t_table_name, 
	 CASE 
	  	WHEN CAST('2020-04-17' AS DATE)<CURRENT_TIMESTAMP THEN 1
	 ELSE 0
	 END AS t_complete,
	 ZEROIFNULL(LOGS.TOTAL) as t_uses_total
	 FROM TDSP_ANALYSIS.system_hours AS SYSHOURS 
	LEFT OUTER JOIN 
	(
		SELECT EXTRACT(HOUR FROM CollectTimeStamp)
		AS "DHOUR", COUNT(QueryID) AS TOTAL FROM DBC.DBQLObjTbl 
		GROUP BY DHOUR
		WHERE LOWER(ObjectTableName)=LOWER('movies') 
		AND LOWER(ObjectDatabaseName)=LOWER('movies')
		AND CollectTimeStamp=CAST('2020-04-17' AS DATE)
	) AS LOGS ON DHOUR = HOUR_ID

) AS t_
ON measure_date=t_measure_date AND measure_hour=t_measure_hour AND table_name=t_table_name

WHEN MATCHED THEN
	UPDATE SET complete=t_complete, uses_total=t_uses_total

WHEN NOT MATCHED THEN
	INSERT (measure_date, measure_hour, table_name, complete, uses_total)
	VALUES (t_measure_date, t_measure_hour, t_table_name, t_complete, t_uses_total);

2020-05-14 02:33:23,604 - teradata.udaexec - INFO - Query Successful. Duration: 0.055 seconds, Rows: 24, Query: MERGE INTO TDSP_ANALYSIS.daily_usage as daily_usage USING
(

	SELECT CAST('2020-05-09' AS DATE) AS t_measure_date, 
	 SYSHOURS.HOUR_ID as t_measure_hour, 
	 'movies' as t_table_name, 
	 CASE 
	  	WHEN CAST('2020-05-09' AS DATE)<CURRENT_TIMESTAMP THEN 1
	 ELSE 0
	 END AS t_complete,
	 ZEROIFNULL(LOGS.TOTAL) as t_uses_total
	 FROM TDSP_ANALYSIS.system_hours AS SYSHOURS 
	LEFT OUTER JOIN 
	(
		SELECT EXTRACT(HOUR FROM CollectTimeStamp)
		AS "DHOUR", COUNT(QueryID) AS TOTAL FROM DBC.DBQLObjTbl 
		GROUP BY DHOUR
		WHERE LOWER(ObjectTableName)=LOWER('movies') 
		AND LOWER(ObjectDatabaseName)=LOWER('movies')
		AND CollectTimeStamp=CAST('2020-05-09' AS DATE)
	) AS LOGS ON DHOUR = HOUR_ID

) AS t_
ON measure_date=t_measure_date AND measure_hour=t_measure_hour AND table_name=t_table_name

WHEN MATCHED THEN
	UPDATE SET complete=t_complete, uses_total=t_uses_total

WHEN NOT MATCHED THEN
	INSERT (measure_date, measure_hour, table_name, complete, uses_total)
	VALUES (t_measure_date, t_measure_hour, t_table_name, t_complete, t_uses_total);

2020-05-14 02:33:23,661 - teradata.udaexec - INFO - Query Successful. Duration: 0.057 seconds, Rows: 24, Query: MERGE INTO TDSP_ANALYSIS.daily_usage as daily_usage USING
(

	SELECT CAST('2020-05-01' AS DATE) AS t_measure_date, 
	 SYSHOURS.HOUR_ID as t_measure_hour, 
	 'movies' as t_table_name, 
	 CASE 
	  	WHEN CAST('2020-05-01' AS DATE)<CURRENT_TIMESTAMP THEN 1
	 ELSE 0
	 END AS t_complete,
	 ZEROIFNULL(LOGS.TOTAL) as t_uses_total
	 FROM TDSP_ANALYSIS.system_hours AS SYSHOURS 
	LEFT OUTER JOIN 
	(
		SELECT EXTRACT(HOUR FROM CollectTimeStamp)
		AS "DHOUR", COUNT(QueryID) AS TOTAL FROM DBC.DBQLObjTbl 
		GROUP BY DHOUR
		WHERE LOWER(ObjectTableName)=LOWER('movies') 
		AND LOWER(ObjectDatabaseName)=LOWER('movies')
		AND CollectTimeStamp=CAST('2020-05-01' AS DATE)
	) AS LOGS ON DHOUR = HOUR_ID

) AS t_
ON measure_date=t_measure_date AND measure_hour=t_measure_hour AND table_name=t_table_name

WHEN MATCHED THEN
	UPDATE SET complete=t_complete, uses_total=t_uses_total

WHEN NOT MATCHED THEN
	INSERT (measure_date, measure_hour, table_name, complete, uses_total)
	VALUES (t_measure_date, t_measure_hour, t_table_name, t_complete, t_uses_total);

2020-05-14 02:33:23,717 - teradata.udaexec - INFO - Query Successful. Duration: 0.055 seconds, Rows: 24, Query: MERGE INTO TDSP_ANALYSIS.daily_usage as daily_usage USING
(

	SELECT CAST('2020-05-04' AS DATE) AS t_measure_date, 
	 SYSHOURS.HOUR_ID as t_measure_hour, 
	 'movies' as t_table_name, 
	 CASE 
	  	WHEN CAST('2020-05-04' AS DATE)<CURRENT_TIMESTAMP THEN 1
	 ELSE 0
	 END AS t_complete,
	 ZEROIFNULL(LOGS.TOTAL) as t_uses_total
	 FROM TDSP_ANALYSIS.system_hours AS SYSHOURS 
	LEFT OUTER JOIN 
	(
		SELECT EXTRACT(HOUR FROM CollectTimeStamp)
		AS "DHOUR", COUNT(QueryID) AS TOTAL FROM DBC.DBQLObjTbl 
		GROUP BY DHOUR
		WHERE LOWER(ObjectTableName)=LOWER('movies') 
		AND LOWER(ObjectDatabaseName)=LOWER('movies')
		AND CollectTimeStamp=CAST('2020-05-04' AS DATE)
	) AS LOGS ON DHOUR = HOUR_ID

) AS t_
ON measure_date=t_measure_date AND measure_hour=t_measure_hour AND table_name=t_table_name

WHEN MATCHED THEN
	UPDATE SET complete=t_complete, uses_total=t_uses_total

WHEN NOT MATCHED THEN
	INSERT (measure_date, measure_hour, table_name, complete, uses_total)
	VALUES (t_measure_date, t_measure_hour, t_table_name, t_complete, t_uses_total);

2020-05-14 02:33:23,772 - teradata.udaexec - INFO - Query Successful. Duration: 0.055 seconds, Rows: 24, Query: MERGE INTO TDSP_ANALYSIS.daily_usage as daily_usage USING
(

	SELECT CAST('2020-04-27' AS DATE) AS t_measure_date, 
	 SYSHOURS.HOUR_ID as t_measure_hour, 
	 'movies' as t_table_name, 
	 CASE 
	  	WHEN CAST('2020-04-27' AS DATE)<CURRENT_TIMESTAMP THEN 1
	 ELSE 0
	 END AS t_complete,
	 ZEROIFNULL(LOGS.TOTAL) as t_uses_total
	 FROM TDSP_ANALYSIS.system_hours AS SYSHOURS 
	LEFT OUTER JOIN 
	(
		SELECT EXTRACT(HOUR FROM CollectTimeStamp)
		AS "DHOUR", COUNT(QueryID) AS TOTAL FROM DBC.DBQLObjTbl 
		GROUP BY DHOUR
		WHERE LOWER(ObjectTableName)=LOWER('movies') 
		AND LOWER(ObjectDatabaseName)=LOWER('movies')
		AND CollectTimeStamp=CAST('2020-04-27' AS DATE)
	) AS LOGS ON DHOUR = HOUR_ID

) AS t_
ON measure_date=t_measure_date AND measure_hour=t_measure_hour AND table_name=t_table_name

WHEN MATCHED THEN
	UPDATE SET complete=t_complete, uses_total=t_uses_total

WHEN NOT MATCHED THEN
	INSERT (measure_date, measure_hour, table_name, complete, uses_total)
	VALUES (t_measure_date, t_measure_hour, t_table_name, t_complete, t_uses_total);

2020-05-14 02:33:23,835 - teradata.udaexec - INFO - Query Successful. Duration: 0.063 seconds, Rows: 24, Query: MERGE INTO TDSP_ANALYSIS.daily_usage as daily_usage USING
(

	SELECT CAST('2020-05-07' AS DATE) AS t_measure_date, 
	 SYSHOURS.HOUR_ID as t_measure_hour, 
	 'movies' as t_table_name, 
	 CASE 
	  	WHEN CAST('2020-05-07' AS DATE)<CURRENT_TIMESTAMP THEN 1
	 ELSE 0
	 END AS t_complete,
	 ZEROIFNULL(LOGS.TOTAL) as t_uses_total
	 FROM TDSP_ANALYSIS.system_hours AS SYSHOURS 
	LEFT OUTER JOIN 
	(
		SELECT EXTRACT(HOUR FROM CollectTimeStamp)
		AS "DHOUR", COUNT(QueryID) AS TOTAL FROM DBC.DBQLObjTbl 
		GROUP BY DHOUR
		WHERE LOWER(ObjectTableName)=LOWER('movies') 
		AND LOWER(ObjectDatabaseName)=LOWER('movies')
		AND CollectTimeStamp=CAST('2020-05-07' AS DATE)
	) AS LOGS ON DHOUR = HOUR_ID

) AS t_
ON measure_date=t_measure_date AND measure_hour=t_measure_hour AND table_name=t_table_name

WHEN MATCHED THEN
	UPDATE SET complete=t_complete, uses_total=t_uses_total

WHEN NOT MATCHED THEN
	INSERT (measure_date, measure_hour, table_name, complete, uses_total)
	VALUES (t_measure_date, t_measure_hour, t_table_name, t_complete, t_uses_total);

2020-05-14 02:33:23,903 - teradata.udaexec - INFO - Query Successful. Duration: 0.067 seconds, Rows: 24, Query: MERGE INTO TDSP_ANALYSIS.daily_usage as daily_usage USING
(

	SELECT CAST('2020-05-11' AS DATE) AS t_measure_date, 
	 SYSHOURS.HOUR_ID as t_measure_hour, 
	 'movies' as t_table_name, 
	 CASE 
	  	WHEN CAST('2020-05-11' AS DATE)<CURRENT_TIMESTAMP THEN 1
	 ELSE 0
	 END AS t_complete,
	 ZEROIFNULL(LOGS.TOTAL) as t_uses_total
	 FROM TDSP_ANALYSIS.system_hours AS SYSHOURS 
	LEFT OUTER JOIN 
	(
		SELECT EXTRACT(HOUR FROM CollectTimeStamp)
		AS "DHOUR", COUNT(QueryID) AS TOTAL FROM DBC.DBQLObjTbl 
		GROUP BY DHOUR
		WHERE LOWER(ObjectTableName)=LOWER('movies') 
		AND LOWER(ObjectDatabaseName)=LOWER('movies')
		AND CollectTimeStamp=CAST('2020-05-11' AS DATE)
	) AS LOGS ON DHOUR = HOUR_ID

) AS t_
ON measure_date=t_measure_date AND measure_hour=t_measure_hour AND table_name=t_table_name

WHEN MATCHED THEN
	UPDATE SET complete=t_complete, uses_total=t_uses_total

WHEN NOT MATCHED THEN
	INSERT (measure_date, measure_hour, table_name, complete, uses_total)
	VALUES (t_measure_date, t_measure_hour, t_table_name, t_complete, t_uses_total);

2020-05-14 02:33:23,966 - teradata.udaexec - INFO - Query Successful. Duration: 0.063 seconds, Rows: 24, Query: MERGE INTO TDSP_ANALYSIS.daily_usage as daily_usage USING
(

	SELECT CAST('2020-04-18' AS DATE) AS t_measure_date, 
	 SYSHOURS.HOUR_ID as t_measure_hour, 
	 'movies' as t_table_name, 
	 CASE 
	  	WHEN CAST('2020-04-18' AS DATE)<CURRENT_TIMESTAMP THEN 1
	 ELSE 0
	 END AS t_complete,
	 ZEROIFNULL(LOGS.TOTAL) as t_uses_total
	 FROM TDSP_ANALYSIS.system_hours AS SYSHOURS 
	LEFT OUTER JOIN 
	(
		SELECT EXTRACT(HOUR FROM CollectTimeStamp)
		AS "DHOUR", COUNT(QueryID) AS TOTAL FROM DBC.DBQLObjTbl 
		GROUP BY DHOUR
		WHERE LOWER(ObjectTableName)=LOWER('movies') 
		AND LOWER(ObjectDatabaseName)=LOWER('movies')
		AND CollectTimeStamp=CAST('2020-04-18' AS DATE)
	) AS LOGS ON DHOUR = HOUR_ID

) AS t_
ON measure_date=t_measure_date AND measure_hour=t_measure_hour AND table_name=t_table_name

WHEN MATCHED THEN
	UPDATE SET complete=t_complete, uses_total=t_uses_total

WHEN NOT MATCHED THEN
	INSERT (measure_date, measure_hour, table_name, complete, uses_total)
	VALUES (t_measure_date, t_measure_hour, t_table_name, t_complete, t_uses_total);

2020-05-14 02:33:24,030 - teradata.udaexec - INFO - Query Successful. Duration: 0.064 seconds, Rows: 24, Query: MERGE INTO TDSP_ANALYSIS.daily_usage as daily_usage USING
(

	SELECT CAST('2020-05-14' AS DATE) AS t_measure_date, 
	 SYSHOURS.HOUR_ID as t_measure_hour, 
	 'movies' as t_table_name, 
	 CASE 
	  	WHEN CAST('2020-05-14' AS DATE)<CURRENT_TIMESTAMP THEN 1
	 ELSE 0
	 END AS t_complete,
	 ZEROIFNULL(LOGS.TOTAL) as t_uses_total
	 FROM TDSP_ANALYSIS.system_hours AS SYSHOURS 
	LEFT OUTER JOIN 
	(
		SELECT EXTRACT(HOUR FROM CollectTimeStamp)
		AS "DHOUR", COUNT(QueryID) AS TOTAL FROM DBC.DBQLObjTbl 
		GROUP BY DHOUR
		WHERE LOWER(ObjectTableName)=LOWER('movies') 
		AND LOWER(ObjectDatabaseName)=LOWER('movies')
		AND CollectTimeStamp=CAST('2020-05-14' AS DATE)
	) AS LOGS ON DHOUR = HOUR_ID

) AS t_
ON measure_date=t_measure_date AND measure_hour=t_measure_hour AND table_name=t_table_name

WHEN MATCHED THEN
	UPDATE SET complete=t_complete, uses_total=t_uses_total

WHEN NOT MATCHED THEN
	INSERT (measure_date, measure_hour, table_name, complete, uses_total)
	VALUES (t_measure_date, t_measure_hour, t_table_name, t_complete, t_uses_total);

2020-05-14 02:33:24,094 - teradata.udaexec - INFO - Query Successful. Duration: 0.064 seconds, Rows: 24, Query: MERGE INTO TDSP_ANALYSIS.daily_usage as daily_usage USING
(

	SELECT CAST('2020-04-15' AS DATE) AS t_measure_date, 
	 SYSHOURS.HOUR_ID as t_measure_hour, 
	 'movies' as t_table_name, 
	 CASE 
	  	WHEN CAST('2020-04-15' AS DATE)<CURRENT_TIMESTAMP THEN 1
	 ELSE 0
	 END AS t_complete,
	 ZEROIFNULL(LOGS.TOTAL) as t_uses_total
	 FROM TDSP_ANALYSIS.system_hours AS SYSHOURS 
	LEFT OUTER JOIN 
	(
		SELECT EXTRACT(HOUR FROM CollectTimeStamp)
		AS "DHOUR", COUNT(QueryID) AS TOTAL FROM DBC.DBQLObjTbl 
		GROUP BY DHOUR
		WHERE LOWER(ObjectTableName)=LOWER('movies') 
		AND LOWER(ObjectDatabaseName)=LOWER('movies')
		AND CollectTimeStamp=CAST('2020-04-15' AS DATE)
	) AS LOGS ON DHOUR = HOUR_ID

) AS t_
ON measure_date=t_measure_date AND measure_hour=t_measure_hour AND table_name=t_table_name

WHEN MATCHED THEN
	UPDATE SET complete=t_complete, uses_total=t_uses_total

WHEN NOT MATCHED THEN
	INSERT (measure_date, measure_hour, table_name, complete, uses_total)
	VALUES (t_measure_date, t_measure_hour, t_table_name, t_complete, t_uses_total);

2020-05-14 02:33:24,156 - teradata.udaexec - INFO - Query Successful. Duration: 0.061 seconds, Rows: 24, Query: MERGE INTO TDSP_ANALYSIS.daily_usage as daily_usage USING
(

	SELECT CAST('2020-04-22' AS DATE) AS t_measure_date, 
	 SYSHOURS.HOUR_ID as t_measure_hour, 
	 'movies' as t_table_name, 
	 CASE 
	  	WHEN CAST('2020-04-22' AS DATE)<CURRENT_TIMESTAMP THEN 1
	 ELSE 0
	 END AS t_complete,
	 ZEROIFNULL(LOGS.TOTAL) as t_uses_total
	 FROM TDSP_ANALYSIS.system_hours AS SYSHOURS 
	LEFT OUTER JOIN 
	(
		SELECT EXTRACT(HOUR FROM CollectTimeStamp)
		AS "DHOUR", COUNT(QueryID) AS TOTAL FROM DBC.DBQLObjTbl 
		GROUP BY DHOUR
		WHERE LOWER(ObjectTableName)=LOWER('movies') 
		AND LOWER(ObjectDatabaseName)=LOWER('movies')
		AND CollectTimeStamp=CAST('2020-04-22' AS DATE)
	) AS LOGS ON DHOUR = HOUR_ID

) AS t_
ON measure_date=t_measure_date AND measure_hour=t_measure_hour AND table_name=t_table_name

WHEN MATCHED THEN
	UPDATE SET complete=t_complete, uses_total=t_uses_total

WHEN NOT MATCHED THEN
	INSERT (measure_date, measure_hour, table_name, complete, uses_total)
	VALUES (t_measure_date, t_measure_hour, t_table_name, t_complete, t_uses_total);

2020-05-14 02:33:24,215 - teradata.udaexec - INFO - Query Successful. Duration: 0.059 seconds, Rows: 24, Query: MERGE INTO TDSP_ANALYSIS.daily_usage as daily_usage USING
(

	SELECT CAST('2020-05-02' AS DATE) AS t_measure_date, 
	 SYSHOURS.HOUR_ID as t_measure_hour, 
	 'movies' as t_table_name, 
	 CASE 
	  	WHEN CAST('2020-05-02' AS DATE)<CURRENT_TIMESTAMP THEN 1
	 ELSE 0
	 END AS t_complete,
	 ZEROIFNULL(LOGS.TOTAL) as t_uses_total
	 FROM TDSP_ANALYSIS.system_hours AS SYSHOURS 
	LEFT OUTER JOIN 
	(
		SELECT EXTRACT(HOUR FROM CollectTimeStamp)
		AS "DHOUR", COUNT(QueryID) AS TOTAL FROM DBC.DBQLObjTbl 
		GROUP BY DHOUR
		WHERE LOWER(ObjectTableName)=LOWER('movies') 
		AND LOWER(ObjectDatabaseName)=LOWER('movies')
		AND CollectTimeStamp=CAST('2020-05-02' AS DATE)
	) AS LOGS ON DHOUR = HOUR_ID

) AS t_
ON measure_date=t_measure_date AND measure_hour=t_measure_hour AND table_name=t_table_name

WHEN MATCHED THEN
	UPDATE SET complete=t_complete, uses_total=t_uses_total

WHEN NOT MATCHED THEN
	INSERT (measure_date, measure_hour, table_name, complete, uses_total)
	VALUES (t_measure_date, t_measure_hour, t_table_name, t_complete, t_uses_total);

2020-05-14 02:33:24,274 - teradata.udaexec - INFO - Query Successful. Duration: 0.058 seconds, Rows: 24, Query: MERGE INTO TDSP_ANALYSIS.daily_usage as daily_usage USING
(

	SELECT CAST('2020-04-25' AS DATE) AS t_measure_date, 
	 SYSHOURS.HOUR_ID as t_measure_hour, 
	 'movies' as t_table_name, 
	 CASE 
	  	WHEN CAST('2020-04-25' AS DATE)<CURRENT_TIMESTAMP THEN 1
	 ELSE 0
	 END AS t_complete,
	 ZEROIFNULL(LOGS.TOTAL) as t_uses_total
	 FROM TDSP_ANALYSIS.system_hours AS SYSHOURS 
	LEFT OUTER JOIN 
	(
		SELECT EXTRACT(HOUR FROM CollectTimeStamp)
		AS "DHOUR", COUNT(QueryID) AS TOTAL FROM DBC.DBQLObjTbl 
		GROUP BY DHOUR
		WHERE LOWER(ObjectTableName)=LOWER('movies') 
		AND LOWER(ObjectDatabaseName)=LOWER('movies')
		AND CollectTimeStamp=CAST('2020-04-25' AS DATE)
	) AS LOGS ON DHOUR = HOUR_ID

) AS t_
ON measure_date=t_measure_date AND measure_hour=t_measure_hour AND table_name=t_table_name

WHEN MATCHED THEN
	UPDATE SET complete=t_complete, uses_total=t_uses_total

WHEN NOT MATCHED THEN
	INSERT (measure_date, measure_hour, table_name, complete, uses_total)
	VALUES (t_measure_date, t_measure_hour, t_table_name, t_complete, t_uses_total);

2020-05-14 02:33:24,332 - teradata.udaexec - INFO - Query Successful. Duration: 0.058 seconds, Rows: 24, Query: MERGE INTO TDSP_ANALYSIS.daily_usage as daily_usage USING
(

	SELECT CAST('2020-05-12' AS DATE) AS t_measure_date, 
	 SYSHOURS.HOUR_ID as t_measure_hour, 
	 'movies' as t_table_name, 
	 CASE 
	  	WHEN CAST('2020-05-12' AS DATE)<CURRENT_TIMESTAMP THEN 1
	 ELSE 0
	 END AS t_complete,
	 ZEROIFNULL(LOGS.TOTAL) as t_uses_total
	 FROM TDSP_ANALYSIS.system_hours AS SYSHOURS 
	LEFT OUTER JOIN 
	(
		SELECT EXTRACT(HOUR FROM CollectTimeStamp)
		AS "DHOUR", COUNT(QueryID) AS TOTAL FROM DBC.DBQLObjTbl 
		GROUP BY DHOUR
		WHERE LOWER(ObjectTableName)=LOWER('movies') 
		AND LOWER(ObjectDatabaseName)=LOWER('movies')
		AND CollectTimeStamp=CAST('2020-05-12' AS DATE)
	) AS LOGS ON DHOUR = HOUR_ID

) AS t_
ON measure_date=t_measure_date AND measure_hour=t_measure_hour AND table_name=t_table_name

WHEN MATCHED THEN
	UPDATE SET complete=t_complete, uses_total=t_uses_total

WHEN NOT MATCHED THEN
	INSERT (measure_date, measure_hour, table_name, complete, uses_total)
	VALUES (t_measure_date, t_measure_hour, t_table_name, t_complete, t_uses_total);

2020-05-14 02:33:24,393 - teradata.udaexec - INFO - Query Successful. Duration: 0.060 seconds, Rows: 24, Query: MERGE INTO TDSP_ANALYSIS.daily_usage as daily_usage USING
(

	SELECT CAST('2020-04-28' AS DATE) AS t_measure_date, 
	 SYSHOURS.HOUR_ID as t_measure_hour, 
	 'movies' as t_table_name, 
	 CASE 
	  	WHEN CAST('2020-04-28' AS DATE)<CURRENT_TIMESTAMP THEN 1
	 ELSE 0
	 END AS t_complete,
	 ZEROIFNULL(LOGS.TOTAL) as t_uses_total
	 FROM TDSP_ANALYSIS.system_hours AS SYSHOURS 
	LEFT OUTER JOIN 
	(
		SELECT EXTRACT(HOUR FROM CollectTimeStamp)
		AS "DHOUR", COUNT(QueryID) AS TOTAL FROM DBC.DBQLObjTbl 
		GROUP BY DHOUR
		WHERE LOWER(ObjectTableName)=LOWER('movies') 
		AND LOWER(ObjectDatabaseName)=LOWER('movies')
		AND CollectTimeStamp=CAST('2020-04-28' AS DATE)
	) AS LOGS ON DHOUR = HOUR_ID

) AS t_
ON measure_date=t_measure_date AND measure_hour=t_measure_hour AND table_name=t_table_name

WHEN MATCHED THEN
	UPDATE SET complete=t_complete, uses_total=t_uses_total

WHEN NOT MATCHED THEN
	INSERT (measure_date, measure_hour, table_name, complete, uses_total)
	VALUES (t_measure_date, t_measure_hour, t_table_name, t_complete, t_uses_total);

2020-05-14 02:33:24,456 - teradata.udaexec - INFO - Query Successful. Duration: 0.063 seconds, Rows: 24, Query: MERGE INTO TDSP_ANALYSIS.daily_usage as daily_usage USING
(

	SELECT CAST('2020-04-30' AS DATE) AS t_measure_date, 
	 SYSHOURS.HOUR_ID as t_measure_hour, 
	 'movies' as t_table_name, 
	 CASE 
	  	WHEN CAST('2020-04-30' AS DATE)<CURRENT_TIMESTAMP THEN 1
	 ELSE 0
	 END AS t_complete,
	 ZEROIFNULL(LOGS.TOTAL) as t_uses_total
	 FROM TDSP_ANALYSIS.system_hours AS SYSHOURS 
	LEFT OUTER JOIN 
	(
		SELECT EXTRACT(HOUR FROM CollectTimeStamp)
		AS "DHOUR", COUNT(QueryID) AS TOTAL FROM DBC.DBQLObjTbl 
		GROUP BY DHOUR
		WHERE LOWER(ObjectTableName)=LOWER('movies') 
		AND LOWER(ObjectDatabaseName)=LOWER('movies')
		AND CollectTimeStamp=CAST('2020-04-30' AS DATE)
	) AS LOGS ON DHOUR = HOUR_ID

) AS t_
ON measure_date=t_measure_date AND measure_hour=t_measure_hour AND table_name=t_table_name

WHEN MATCHED THEN
	UPDATE SET complete=t_complete, uses_total=t_uses_total

WHEN NOT MATCHED THEN
	INSERT (measure_date, measure_hour, table_name, complete, uses_total)
	VALUES (t_measure_date, t_measure_hour, t_table_name, t_complete, t_uses_total);

2020-05-14 02:33:24,514 - teradata.udaexec - INFO - Query Successful. Duration: 0.057 seconds, Rows: 24, Query: MERGE INTO TDSP_ANALYSIS.daily_usage as daily_usage USING
(

	SELECT CAST('2020-05-05' AS DATE) AS t_measure_date, 
	 SYSHOURS.HOUR_ID as t_measure_hour, 
	 'movies' as t_table_name, 
	 CASE 
	  	WHEN CAST('2020-05-05' AS DATE)<CURRENT_TIMESTAMP THEN 1
	 ELSE 0
	 END AS t_complete,
	 ZEROIFNULL(LOGS.TOTAL) as t_uses_total
	 FROM TDSP_ANALYSIS.system_hours AS SYSHOURS 
	LEFT OUTER JOIN 
	(
		SELECT EXTRACT(HOUR FROM CollectTimeStamp)
		AS "DHOUR", COUNT(QueryID) AS TOTAL FROM DBC.DBQLObjTbl 
		GROUP BY DHOUR
		WHERE LOWER(ObjectTableName)=LOWER('movies') 
		AND LOWER(ObjectDatabaseName)=LOWER('movies')
		AND CollectTimeStamp=CAST('2020-05-05' AS DATE)
	) AS LOGS ON DHOUR = HOUR_ID

) AS t_
ON measure_date=t_measure_date AND measure_hour=t_measure_hour AND table_name=t_table_name

WHEN MATCHED THEN
	UPDATE SET complete=t_complete, uses_total=t_uses_total

WHEN NOT MATCHED THEN
	INSERT (measure_date, measure_hour, table_name, complete, uses_total)
	VALUES (t_measure_date, t_measure_hour, t_table_name, t_complete, t_uses_total);

2020-05-14 02:33:24,574 - teradata.udaexec - INFO - Query Successful. Duration: 0.059 seconds, Rows: 24, Query: MERGE INTO TDSP_ANALYSIS.daily_usage as daily_usage USING
(

	SELECT CAST('2020-04-23' AS DATE) AS t_measure_date, 
	 SYSHOURS.HOUR_ID as t_measure_hour, 
	 'movies' as t_table_name, 
	 CASE 
	  	WHEN CAST('2020-04-23' AS DATE)<CURRENT_TIMESTAMP THEN 1
	 ELSE 0
	 END AS t_complete,
	 ZEROIFNULL(LOGS.TOTAL) as t_uses_total
	 FROM TDSP_ANALYSIS.system_hours AS SYSHOURS 
	LEFT OUTER JOIN 
	(
		SELECT EXTRACT(HOUR FROM CollectTimeStamp)
		AS "DHOUR", COUNT(QueryID) AS TOTAL FROM DBC.DBQLObjTbl 
		GROUP BY DHOUR
		WHERE LOWER(ObjectTableName)=LOWER('movies') 
		AND LOWER(ObjectDatabaseName)=LOWER('movies')
		AND CollectTimeStamp=CAST('2020-04-23' AS DATE)
	) AS LOGS ON DHOUR = HOUR_ID

) AS t_
ON measure_date=t_measure_date AND measure_hour=t_measure_hour AND table_name=t_table_name

WHEN MATCHED THEN
	UPDATE SET complete=t_complete, uses_total=t_uses_total

WHEN NOT MATCHED THEN
	INSERT (measure_date, measure_hour, table_name, complete, uses_total)
	VALUES (t_measure_date, t_measure_hour, t_table_name, t_complete, t_uses_total);

2020-05-14 02:33:24,632 - teradata.udaexec - INFO - Query Successful. Duration: 0.058 seconds, Rows: 24, Query: MERGE INTO TDSP_ANALYSIS.daily_usage as daily_usage USING
(

	SELECT CAST('2020-05-08' AS DATE) AS t_measure_date, 
	 SYSHOURS.HOUR_ID as t_measure_hour, 
	 'movies' as t_table_name, 
	 CASE 
	  	WHEN CAST('2020-05-08' AS DATE)<CURRENT_TIMESTAMP THEN 1
	 ELSE 0
	 END AS t_complete,
	 ZEROIFNULL(LOGS.TOTAL) as t_uses_total
	 FROM TDSP_ANALYSIS.system_hours AS SYSHOURS 
	LEFT OUTER JOIN 
	(
		SELECT EXTRACT(HOUR FROM CollectTimeStamp)
		AS "DHOUR", COUNT(QueryID) AS TOTAL FROM DBC.DBQLObjTbl 
		GROUP BY DHOUR
		WHERE LOWER(ObjectTableName)=LOWER('movies') 
		AND LOWER(ObjectDatabaseName)=LOWER('movies')
		AND CollectTimeStamp=CAST('2020-05-08' AS DATE)
	) AS LOGS ON DHOUR = HOUR_ID

) AS t_
ON measure_date=t_measure_date AND measure_hour=t_measure_hour AND table_name=t_table_name

WHEN MATCHED THEN
	UPDATE SET complete=t_complete, uses_total=t_uses_total

WHEN NOT MATCHED THEN
	INSERT (measure_date, measure_hour, table_name, complete, uses_total)
	VALUES (t_measure_date, t_measure_hour, t_table_name, t_complete, t_uses_total);

2020-05-14 02:33:24,688 - teradata.udaexec - INFO - Query Successful. Duration: 0.056 seconds, Rows: 24, Query: MERGE INTO TDSP_ANALYSIS.daily_usage as daily_usage USING
(

	SELECT CAST('2020-04-26' AS DATE) AS t_measure_date, 
	 SYSHOURS.HOUR_ID as t_measure_hour, 
	 'movies' as t_table_name, 
	 CASE 
	  	WHEN CAST('2020-04-26' AS DATE)<CURRENT_TIMESTAMP THEN 1
	 ELSE 0
	 END AS t_complete,
	 ZEROIFNULL(LOGS.TOTAL) as t_uses_total
	 FROM TDSP_ANALYSIS.system_hours AS SYSHOURS 
	LEFT OUTER JOIN 
	(
		SELECT EXTRACT(HOUR FROM CollectTimeStamp)
		AS "DHOUR", COUNT(QueryID) AS TOTAL FROM DBC.DBQLObjTbl 
		GROUP BY DHOUR
		WHERE LOWER(ObjectTableName)=LOWER('movies') 
		AND LOWER(ObjectDatabaseName)=LOWER('movies')
		AND CollectTimeStamp=CAST('2020-04-26' AS DATE)
	) AS LOGS ON DHOUR = HOUR_ID

) AS t_
ON measure_date=t_measure_date AND measure_hour=t_measure_hour AND table_name=t_table_name

WHEN MATCHED THEN
	UPDATE SET complete=t_complete, uses_total=t_uses_total

WHEN NOT MATCHED THEN
	INSERT (measure_date, measure_hour, table_name, complete, uses_total)
	VALUES (t_measure_date, t_measure_hour, t_table_name, t_complete, t_uses_total);

2020-05-14 02:33:24,756 - teradata.udaexec - INFO - Query Successful. Duration: 0.067 seconds, Rows: 24, Query: MERGE INTO TDSP_ANALYSIS.daily_usage as daily_usage USING
(

	SELECT CAST('2020-04-20' AS DATE) AS t_measure_date, 
	 SYSHOURS.HOUR_ID as t_measure_hour, 
	 'movies' as t_table_name, 
	 CASE 
	  	WHEN CAST('2020-04-20' AS DATE)<CURRENT_TIMESTAMP THEN 1
	 ELSE 0
	 END AS t_complete,
	 ZEROIFNULL(LOGS.TOTAL) as t_uses_total
	 FROM TDSP_ANALYSIS.system_hours AS SYSHOURS 
	LEFT OUTER JOIN 
	(
		SELECT EXTRACT(HOUR FROM CollectTimeStamp)
		AS "DHOUR", COUNT(QueryID) AS TOTAL FROM DBC.DBQLObjTbl 
		GROUP BY DHOUR
		WHERE LOWER(ObjectTableName)=LOWER('movies') 
		AND LOWER(ObjectDatabaseName)=LOWER('movies')
		AND CollectTimeStamp=CAST('2020-04-20' AS DATE)
	) AS LOGS ON DHOUR = HOUR_ID

) AS t_
ON measure_date=t_measure_date AND measure_hour=t_measure_hour AND table_name=t_table_name

WHEN MATCHED THEN
	UPDATE SET complete=t_complete, uses_total=t_uses_total

WHEN NOT MATCHED THEN
	INSERT (measure_date, measure_hour, table_name, complete, uses_total)
	VALUES (t_measure_date, t_measure_hour, t_table_name, t_complete, t_uses_total);

2020-05-14 02:33:24,815 - teradata.udaexec - INFO - Query Successful. Duration: 0.059 seconds, Rows: 24, Query: MERGE INTO TDSP_ANALYSIS.daily_usage as daily_usage USING
(

	SELECT CAST('2020-05-10' AS DATE) AS t_measure_date, 
	 SYSHOURS.HOUR_ID as t_measure_hour, 
	 'movies' as t_table_name, 
	 CASE 
	  	WHEN CAST('2020-05-10' AS DATE)<CURRENT_TIMESTAMP THEN 1
	 ELSE 0
	 END AS t_complete,
	 ZEROIFNULL(LOGS.TOTAL) as t_uses_total
	 FROM TDSP_ANALYSIS.system_hours AS SYSHOURS 
	LEFT OUTER JOIN 
	(
		SELECT EXTRACT(HOUR FROM CollectTimeStamp)
		AS "DHOUR", COUNT(QueryID) AS TOTAL FROM DBC.DBQLObjTbl 
		GROUP BY DHOUR
		WHERE LOWER(ObjectTableName)=LOWER('movies') 
		AND LOWER(ObjectDatabaseName)=LOWER('movies')
		AND CollectTimeStamp=CAST('2020-05-10' AS DATE)
	) AS LOGS ON DHOUR = HOUR_ID

) AS t_
ON measure_date=t_measure_date AND measure_hour=t_measure_hour AND table_name=t_table_name

WHEN MATCHED THEN
	UPDATE SET complete=t_complete, uses_total=t_uses_total

WHEN NOT MATCHED THEN
	INSERT (measure_date, measure_hour, table_name, complete, uses_total)
	VALUES (t_measure_date, t_measure_hour, t_table_name, t_complete, t_uses_total);

2020-05-14 02:33:24,874 - teradata.udaexec - INFO - Query Successful. Duration: 0.058 seconds, Rows: 24, Query: MERGE INTO TDSP_ANALYSIS.daily_usage as daily_usage USING
(

	SELECT CAST('2020-04-16' AS DATE) AS t_measure_date, 
	 SYSHOURS.HOUR_ID as t_measure_hour, 
	 'movies' as t_table_name, 
	 CASE 
	  	WHEN CAST('2020-04-16' AS DATE)<CURRENT_TIMESTAMP THEN 1
	 ELSE 0
	 END AS t_complete,
	 ZEROIFNULL(LOGS.TOTAL) as t_uses_total
	 FROM TDSP_ANALYSIS.system_hours AS SYSHOURS 
	LEFT OUTER JOIN 
	(
		SELECT EXTRACT(HOUR FROM CollectTimeStamp)
		AS "DHOUR", COUNT(QueryID) AS TOTAL FROM DBC.DBQLObjTbl 
		GROUP BY DHOUR
		WHERE LOWER(ObjectTableName)=LOWER('movies') 
		AND LOWER(ObjectDatabaseName)=LOWER('movies')
		AND CollectTimeStamp=CAST('2020-04-16' AS DATE)
	) AS LOGS ON DHOUR = HOUR_ID

) AS t_
ON measure_date=t_measure_date AND measure_hour=t_measure_hour AND table_name=t_table_name

WHEN MATCHED THEN
	UPDATE SET complete=t_complete, uses_total=t_uses_total

WHEN NOT MATCHED THEN
	INSERT (measure_date, measure_hour, table_name, complete, uses_total)
	VALUES (t_measure_date, t_measure_hour, t_table_name, t_complete, t_uses_total);

2020-05-14 02:33:24,935 - teradata.udaexec - INFO - Query Successful. Duration: 0.061 seconds, Rows: 24, Query: MERGE INTO TDSP_ANALYSIS.daily_usage as daily_usage USING
(

	SELECT CAST('2020-04-29' AS DATE) AS t_measure_date, 
	 SYSHOURS.HOUR_ID as t_measure_hour, 
	 'movies' as t_table_name, 
	 CASE 
	  	WHEN CAST('2020-04-29' AS DATE)<CURRENT_TIMESTAMP THEN 1
	 ELSE 0
	 END AS t_complete,
	 ZEROIFNULL(LOGS.TOTAL) as t_uses_total
	 FROM TDSP_ANALYSIS.system_hours AS SYSHOURS 
	LEFT OUTER JOIN 
	(
		SELECT EXTRACT(HOUR FROM CollectTimeStamp)
		AS "DHOUR", COUNT(QueryID) AS TOTAL FROM DBC.DBQLObjTbl 
		GROUP BY DHOUR
		WHERE LOWER(ObjectTableName)=LOWER('movies') 
		AND LOWER(ObjectDatabaseName)=LOWER('movies')
		AND CollectTimeStamp=CAST('2020-04-29' AS DATE)
	) AS LOGS ON DHOUR = HOUR_ID

) AS t_
ON measure_date=t_measure_date AND measure_hour=t_measure_hour AND table_name=t_table_name

WHEN MATCHED THEN
	UPDATE SET complete=t_complete, uses_total=t_uses_total

WHEN NOT MATCHED THEN
	INSERT (measure_date, measure_hour, table_name, complete, uses_total)
	VALUES (t_measure_date, t_measure_hour, t_table_name, t_complete, t_uses_total);

2020-05-14 02:33:24,994 - teradata.udaexec - INFO - Query Successful. Duration: 0.059 seconds, Rows: 24, Query: MERGE INTO TDSP_ANALYSIS.daily_usage as daily_usage USING
(

	SELECT CAST('2020-04-19' AS DATE) AS t_measure_date, 
	 SYSHOURS.HOUR_ID as t_measure_hour, 
	 'movies' as t_table_name, 
	 CASE 
	  	WHEN CAST('2020-04-19' AS DATE)<CURRENT_TIMESTAMP THEN 1
	 ELSE 0
	 END AS t_complete,
	 ZEROIFNULL(LOGS.TOTAL) as t_uses_total
	 FROM TDSP_ANALYSIS.system_hours AS SYSHOURS 
	LEFT OUTER JOIN 
	(
		SELECT EXTRACT(HOUR FROM CollectTimeStamp)
		AS "DHOUR", COUNT(QueryID) AS TOTAL FROM DBC.DBQLObjTbl 
		GROUP BY DHOUR
		WHERE LOWER(ObjectTableName)=LOWER('movies') 
		AND LOWER(ObjectDatabaseName)=LOWER('movies')
		AND CollectTimeStamp=CAST('2020-04-19' AS DATE)
	) AS LOGS ON DHOUR = HOUR_ID

) AS t_
ON measure_date=t_measure_date AND measure_hour=t_measure_hour AND table_name=t_table_name

WHEN MATCHED THEN
	UPDATE SET complete=t_complete, uses_total=t_uses_total

WHEN NOT MATCHED THEN
	INSERT (measure_date, measure_hour, table_name, complete, uses_total)
	VALUES (t_measure_date, t_measure_hour, t_table_name, t_complete, t_uses_total);

2020-05-14 02:33:25,053 - teradata.udaexec - INFO - Query Successful. Duration: 0.059 seconds, Rows: 24, Query: MERGE INTO TDSP_ANALYSIS.daily_usage as daily_usage USING
(

	SELECT CAST('2020-05-13' AS DATE) AS t_measure_date, 
	 SYSHOURS.HOUR_ID as t_measure_hour, 
	 'movies' as t_table_name, 
	 CASE 
	  	WHEN CAST('2020-05-13' AS DATE)<CURRENT_TIMESTAMP THEN 1
	 ELSE 0
	 END AS t_complete,
	 ZEROIFNULL(LOGS.TOTAL) as t_uses_total
	 FROM TDSP_ANALYSIS.system_hours AS SYSHOURS 
	LEFT OUTER JOIN 
	(
		SELECT EXTRACT(HOUR FROM CollectTimeStamp)
		AS "DHOUR", COUNT(QueryID) AS TOTAL FROM DBC.DBQLObjTbl 
		GROUP BY DHOUR
		WHERE LOWER(ObjectTableName)=LOWER('movies') 
		AND LOWER(ObjectDatabaseName)=LOWER('movies')
		AND CollectTimeStamp=CAST('2020-05-13' AS DATE)
	) AS LOGS ON DHOUR = HOUR_ID

) AS t_
ON measure_date=t_measure_date AND measure_hour=t_measure_hour AND table_name=t_table_name

WHEN MATCHED THEN
	UPDATE SET complete=t_complete, uses_total=t_uses_total

WHEN NOT MATCHED THEN
	INSERT (measure_date, measure_hour, table_name, complete, uses_total)
	VALUES (t_measure_date, t_measure_hour, t_table_name, t_complete, t_uses_total);

2020-05-14 02:33:25,114 - teradata.udaexec - INFO - Query Successful. Duration: 0.060 seconds, Rows: 24, Query: MERGE INTO TDSP_ANALYSIS.daily_usage as daily_usage USING
(

	SELECT CAST('2020-05-06' AS DATE) AS t_measure_date, 
	 SYSHOURS.HOUR_ID as t_measure_hour, 
	 'movies' as t_table_name, 
	 CASE 
	  	WHEN CAST('2020-05-06' AS DATE)<CURRENT_TIMESTAMP THEN 1
	 ELSE 0
	 END AS t_complete,
	 ZEROIFNULL(LOGS.TOTAL) as t_uses_total
	 FROM TDSP_ANALYSIS.system_hours AS SYSHOURS 
	LEFT OUTER JOIN 
	(
		SELECT EXTRACT(HOUR FROM CollectTimeStamp)
		AS "DHOUR", COUNT(QueryID) AS TOTAL FROM DBC.DBQLObjTbl 
		GROUP BY DHOUR
		WHERE LOWER(ObjectTableName)=LOWER('movies') 
		AND LOWER(ObjectDatabaseName)=LOWER('movies')
		AND CollectTimeStamp=CAST('2020-05-06' AS DATE)
	) AS LOGS ON DHOUR = HOUR_ID

) AS t_
ON measure_date=t_measure_date AND measure_hour=t_measure_hour AND table_name=t_table_name

WHEN MATCHED THEN
	UPDATE SET complete=t_complete, uses_total=t_uses_total

WHEN NOT MATCHED THEN
	INSERT (measure_date, measure_hour, table_name, complete, uses_total)
	VALUES (t_measure_date, t_measure_hour, t_table_name, t_complete, t_uses_total);

2020-05-14 02:33:25,178 - teradata.udaexec - INFO - Query Successful. Duration: 0.064 seconds, Rows: 24, Query: MERGE INTO TDSP_ANALYSIS.daily_usage as daily_usage USING
(

	SELECT CAST('2020-04-21' AS DATE) AS t_measure_date, 
	 SYSHOURS.HOUR_ID as t_measure_hour, 
	 'movies' as t_table_name, 
	 CASE 
	  	WHEN CAST('2020-04-21' AS DATE)<CURRENT_TIMESTAMP THEN 1
	 ELSE 0
	 END AS t_complete,
	 ZEROIFNULL(LOGS.TOTAL) as t_uses_total
	 FROM TDSP_ANALYSIS.system_hours AS SYSHOURS 
	LEFT OUTER JOIN 
	(
		SELECT EXTRACT(HOUR FROM CollectTimeStamp)
		AS "DHOUR", COUNT(QueryID) AS TOTAL FROM DBC.DBQLObjTbl 
		GROUP BY DHOUR
		WHERE LOWER(ObjectTableName)=LOWER('movies') 
		AND LOWER(ObjectDatabaseName)=LOWER('movies')
		AND CollectTimeStamp=CAST('2020-04-21' AS DATE)
	) AS LOGS ON DHOUR = HOUR_ID

) AS t_
ON measure_date=t_measure_date AND measure_hour=t_measure_hour AND table_name=t_table_name

WHEN MATCHED THEN
	UPDATE SET complete=t_complete, uses_total=t_uses_total

WHEN NOT MATCHED THEN
	INSERT (measure_date, measure_hour, table_name, complete, uses_total)
	VALUES (t_measure_date, t_measure_hour, t_table_name, t_complete, t_uses_total);

2020-05-14 02:33:25,234 - teradata.udaexec - INFO - Query Successful. Duration: 0.056 seconds, Rows: 24, Query: MERGE INTO TDSP_ANALYSIS.daily_usage as daily_usage USING
(

	SELECT CAST('2020-05-03' AS DATE) AS t_measure_date, 
	 SYSHOURS.HOUR_ID as t_measure_hour, 
	 'movies' as t_table_name, 
	 CASE 
	  	WHEN CAST('2020-05-03' AS DATE)<CURRENT_TIMESTAMP THEN 1
	 ELSE 0
	 END AS t_complete,
	 ZEROIFNULL(LOGS.TOTAL) as t_uses_total
	 FROM TDSP_ANALYSIS.system_hours AS SYSHOURS 
	LEFT OUTER JOIN 
	(
		SELECT EXTRACT(HOUR FROM CollectTimeStamp)
		AS "DHOUR", COUNT(QueryID) AS TOTAL FROM DBC.DBQLObjTbl 
		GROUP BY DHOUR
		WHERE LOWER(ObjectTableName)=LOWER('movies') 
		AND LOWER(ObjectDatabaseName)=LOWER('movies')
		AND CollectTimeStamp=CAST('2020-05-03' AS DATE)
	) AS LOGS ON DHOUR = HOUR_ID

) AS t_
ON measure_date=t_measure_date AND measure_hour=t_measure_hour AND table_name=t_table_name

WHEN MATCHED THEN
	UPDATE SET complete=t_complete, uses_total=t_uses_total

WHEN NOT MATCHED THEN
	INSERT (measure_date, measure_hour, table_name, complete, uses_total)
	VALUES (t_measure_date, t_measure_hour, t_table_name, t_complete, t_uses_total);

2020-05-14 02:33:25,293 - teradata.udaexec - INFO - Query Successful. Duration: 0.058 seconds, Rows: 24, Query: MERGE INTO TDSP_ANALYSIS.daily_usage as daily_usage USING
(

	SELECT CAST('2020-04-24' AS DATE) AS t_measure_date, 
	 SYSHOURS.HOUR_ID as t_measure_hour, 
	 'movies' as t_table_name, 
	 CASE 
	  	WHEN CAST('2020-04-24' AS DATE)<CURRENT_TIMESTAMP THEN 1
	 ELSE 0
	 END AS t_complete,
	 ZEROIFNULL(LOGS.TOTAL) as t_uses_total
	 FROM TDSP_ANALYSIS.system_hours AS SYSHOURS 
	LEFT OUTER JOIN 
	(
		SELECT EXTRACT(HOUR FROM CollectTimeStamp)
		AS "DHOUR", COUNT(QueryID) AS TOTAL FROM DBC.DBQLObjTbl 
		GROUP BY DHOUR
		WHERE LOWER(ObjectTableName)=LOWER('movies') 
		AND LOWER(ObjectDatabaseName)=LOWER('movies')
		AND CollectTimeStamp=CAST('2020-04-24' AS DATE)
	) AS LOGS ON DHOUR = HOUR_ID

) AS t_
ON measure_date=t_measure_date AND measure_hour=t_measure_hour AND table_name=t_table_name

WHEN MATCHED THEN
	UPDATE SET complete=t_complete, uses_total=t_uses_total

WHEN NOT MATCHED THEN
	INSERT (measure_date, measure_hour, table_name, complete, uses_total)
	VALUES (t_measure_date, t_measure_hour, t_table_name, t_complete, t_uses_total);

2020-05-14 02:33:25,359 - teradata.udaexec - INFO - Query Successful. Duration: 0.066 seconds, Rows: 24, Query: MERGE INTO TDSP_ANALYSIS.daily_usage as daily_usage USING
(

	SELECT CAST('2020-04-14' AS DATE) AS t_measure_date, 
	 SYSHOURS.HOUR_ID as t_measure_hour, 
	 'movies' as t_table_name, 
	 CASE 
	  	WHEN CAST('2020-04-14' AS DATE)<CURRENT_TIMESTAMP THEN 1
	 ELSE 0
	 END AS t_complete,
	 ZEROIFNULL(LOGS.TOTAL) as t_uses_total
	 FROM TDSP_ANALYSIS.system_hours AS SYSHOURS 
	LEFT OUTER JOIN 
	(
		SELECT EXTRACT(HOUR FROM CollectTimeStamp)
		AS "DHOUR", COUNT(QueryID) AS TOTAL FROM DBC.DBQLObjTbl 
		GROUP BY DHOUR
		WHERE LOWER(ObjectTableName)=LOWER('movies') 
		AND LOWER(ObjectDatabaseName)=LOWER('movies')
		AND CollectTimeStamp=CAST('2020-04-14' AS DATE)
	) AS LOGS ON DHOUR = HOUR_ID

) AS t_
ON measure_date=t_measure_date AND measure_hour=t_measure_hour AND table_name=t_table_name

WHEN MATCHED THEN
	UPDATE SET complete=t_complete, uses_total=t_uses_total

WHEN NOT MATCHED THEN
	INSERT (measure_date, measure_hour, table_name, complete, uses_total)
	VALUES (t_measure_date, t_measure_hour, t_table_name, t_complete, t_uses_total);

2020-05-14 02:33:25,375 - teradata.udaexec - INFO - UdaExec exiting.
